-------------------------------------------------------------------------------
Test set: testRunners.TestRunner
-------------------------------------------------------------------------------
Tests run: 1, Failures: 1, Errors: 0, Skipped: 0, Time elapsed: 21.032 s <<< FAILURE! - in testRunners.TestRunner
Google Homepage.Luanch Home Page  Time elapsed: 7.98 s  <<< FAILURE!
org.assertj.core.api.SoftAssertionError: 

The following assertion failed:
1) 
Expecting:
 <"Collaboration software | Slack">
to be equal to:
 <"Features | Slack">
ignoring case considerations
at HomePage.user_should_navigate_to_product_page(HomePage.java:57)


