<?xml version="1.0" encoding="UTF-8" ?>
<testsuite tests="2" failures="1" name="testRunners.TestRunner" time="22.034" errors="0" skipped="0">
  <properties>
[...]
</properties>
  <testcase classname="Google Homepage" name="Luanch Home Page" time="16.922">
    <failure message="
The following assertion failed:
1) 
Expecting:
 &lt;&quot;Collaboration software | Slack&quot;&gt;
to be equal to:
 &lt;&quot;Features | Slack&quot;&gt;
ignoring case considerations
at HomePage.user_should_navigate_to_product_page(HomePage.java:52)
" type="org.assertj.core.api.SoftAssertionError">org.assertj.core.api.SoftAssertionError: 
The following assertion failed:
1) 
Expecting:
 &lt;&quot;Collaboration software | Slack&quot;&gt;
to be equal to:
 &lt;&quot;Features | Slack&quot;&gt;
ignoring case considerations
at HomePage.user_should_navigate_to_product_page(HomePage.java:52)

	at org.assertj.core.api.SoftAssertions.assertAll(SoftAssertions.java:158)
	at stepDefinitions.HomePage.user_should_navigate_to_product_page(HomePage.java:53)
	at ✽.User should navigate to product page(src/test/Features/HomePage.feature:9)
</failure>
    <system-out>Feature: Google Homepage
This feature verifies the functionality on Google Homepage

  @Smoke
  Scenario: Luanch Home Page                                       # src/test/Features/HomePage.feature:5
    When User enter valid URL &quot;https://worldpayproduct.slack.com/&quot; # HomePage.user_enter_valid_URL(String)
Slack
    Then Homepage should be launched as default page               # HomePage.homepage_should_be_launched_as_default_page()
    When user click on Product Link                                # HomePage.user_click_on_Product_Link()
Collaboration software | Slack
    Then User should navigate to product page                      # HomePage.user_should_navigate_to_product_page()
      org.assertj.core.api.SoftAssertionError: 
The following assertion failed:
1) 
Expecting:
 &lt;&quot;Collaboration software | Slack&quot;&gt;
to be equal to:
 &lt;&quot;Features | Slack&quot;&gt;
ignoring case considerations
at HomePage.user_should_navigate_to_product_page(HomePage.java:52)

	at org.assertj.core.api.SoftAssertions.assertAll(SoftAssertions.java:158)
	at stepDefinitions.HomePage.user_should_navigate_to_product_page(HomePage.java:53)
	at ?.User should navigate to product page(src/test/Features/HomePage.feature:9)

</system-out>
    <system-err>SLF4J: Failed to load class &quot;org.slf4j.impl.StaticLoggerBinder&quot;.
SLF4J: Defaulting to no-operation (NOP) logger implementation
SLF4J: See http://www.slf4j.org/codes.html#StaticLoggerBinder for further details.
Apr 18, 2020 2:18:24 PM java.util.prefs.WindowsPreferences &lt;init&gt;
WARNING: Could not open/create prefs root node Software\JavaSoft\Prefs at root 0x80000002. Windows RegCreateKeyEx(...) returned error code 5.
1587199707167	mozrunner::runner	INFO	Running command: &quot;C:\\Program Files (x86)\\Mozilla Firefox\\firefox.exe&quot; &quot;-marionette&quot; &quot;-headless&quot; &quot;-foreground&quot; &quot;-no-remote&quot; &quot;-profile&quot; &quot;C:\\Users\\a\\AppData\\Local\\Temp\\rust_mozprofile38gvGc&quot;
*** You are running in headless mode.
1587199708988	addons.webextension.doh-rollout@mozilla.org	WARN	Loading extension &apos;doh-rollout@mozilla.org&apos;: Reading manifest: Invalid extension permission: networkStatus
1587199709255	addons.webextension.screenshots@mozilla.org	WARN	Loading extension &apos;screenshots@mozilla.org&apos;: Reading manifest: Invalid extension permission: mozillaAddons
1587199709255	addons.webextension.screenshots@mozilla.org	WARN	Loading extension &apos;screenshots@mozilla.org&apos;: Reading manifest: Invalid extension permission: telemetry
1587199709256	addons.webextension.screenshots@mozilla.org	WARN	Loading extension &apos;screenshots@mozilla.org&apos;: Reading manifest: Invalid extension permission: resource://pdf.js/
1587199709257	addons.webextension.screenshots@mozilla.org	WARN	Loading extension &apos;screenshots@mozilla.org&apos;: Reading manifest: Invalid extension permission: about:reader*
JavaScript error: resource://gre/modules/XULStore.jsm, line 66: Error: Can&apos;t find profile directory.
1587199713986	Marionette	INFO	Listening on port 54286
1587199714005	Marionette	WARN	TLS certificate errors will be ignored for this session
Apr 18, 2020 2:18:34 PM org.openqa.selenium.remote.ProtocolHandshake createSession
INFO: Detected dialect: W3C
</system-err>
  </testcase>
  <testcase classname="To check the Login functionality" name="Valid login" time="5.112"/>
</testsuite>