<?xml version="1.0" encoding="UTF-8"?>
<testsuite xmlns:xsi="http://www.w3.org/2001/XMLSchema-instance" xsi:noNamespaceSchemaLocation="https://maven.apache.org/surefire/maven-surefire-plugin/xsd/surefire-test-report-3.0.xsd" version="3.0" name="testRunners.TestRunnerFireFox" time="63.66" tests="1" errors="0" skipped="0" failures="1">
  <properties>
[...]
</properties>
  <testcase name="Luanch Home Page" classname="Google Homepage" time="22.576">
    <failure message="&#10;The following assertion failed:&#10;1) &#10;Expecting:&#10; &lt;&quot;Collaboration software | Slack&quot;&gt;&#10;to be equal to:&#10; &lt;&quot;Features | Slack&quot;&gt;&#10;ignoring case considerations&#10;at HomePage.user_should_navigate_to_product_page(HomePage.java:57)&#10;" type="org.assertj.core.api.SoftAssertionError"><![CDATA[org.assertj.core.api.SoftAssertionError: 

The following assertion failed:
1) 
Expecting:
 <"Collaboration software | Slack">
to be equal to:
 <"Features | Slack">
ignoring case considerations
at HomePage.user_should_navigate_to_product_page(HomePage.java:57)

]]></failure>
    <system-out><![CDATA[Feature: Google Homepage
This feature verifies the functionality on Google Homepage

  @Smoke
  Scenario: Luanch Home Page                                       # src/test/Features/HomePage.feature:5
    When User enter valid URL "https://worldpayproduct.slack.com/" # HomePage.user_enter_valid_URL(String)
Slack
    Then Homepage should be launched as default page               # HomePage.homepage_should_be_launched_as_default_page()
    When user click on Product Link                                # HomePage.user_click_on_Product_Link()
Collaboration software | Slack
    Then User should navigate to product page                      # HomePage.user_should_navigate_to_product_page()
      org.assertj.core.api.SoftAssertionError: 
The following assertion failed:
1) 
Expecting:
 <"Collaboration software | Slack">
to be equal to:
 <"Features | Slack">
ignoring case considerations
at HomePage.user_should_navigate_to_product_page(HomePage.java:57)

	at org.assertj.core.api.SoftAssertions.assertAll(SoftAssertions.java:158)
	at stepDefinitions.HomePage.user_should_navigate_to_product_page(HomePage.java:58)
	at ?.User should navigate to product page(src/test/Features/HomePage.feature:9)

]]></system-out>
    <system-err><![CDATA[1587808420746	mozrunner::runner	INFO	Running command: "C:\\Program Files (x86)\\Mozilla Firefox\\firefox.exe" "-marionette" "-foreground" "-no-remote" "-profile" "C:\\Users\\a\\AppData\\Local\\Temp\\rust_mozprofileUE0eXf"
1587808427960	addons.webextension.doh-rollout@mozilla.org	WARN	Loading extension 'doh-rollout@mozilla.org': Reading manifest: Invalid extension permission: networkStatus
1587808428567	addons.webextension.screenshots@mozilla.org	WARN	Loading extension 'screenshots@mozilla.org': Reading manifest: Invalid extension permission: mozillaAddons
1587808428567	addons.webextension.screenshots@mozilla.org	WARN	Loading extension 'screenshots@mozilla.org': Reading manifest: Invalid extension permission: telemetry
1587808428569	addons.webextension.screenshots@mozilla.org	WARN	Loading extension 'screenshots@mozilla.org': Reading manifest: Invalid extension permission: resource://pdf.js/
1587808428569	addons.webextension.screenshots@mozilla.org	WARN	Loading extension 'screenshots@mozilla.org': Reading manifest: Invalid extension permission: about:reader*
JavaScript error: resource://gre/modules/XULStore.jsm, line 66: Error: Can't find profile directory.
1587808447867	Marionette	INFO	Listening on port 55271
1587808448129	Marionette	WARN	TLS certificate errors will be ignored for this session
Apr 25, 2020 3:24:08 PM org.openqa.selenium.remote.ProtocolHandshake createSession
INFO: Detected dialect: W3C
]]></system-err>
  </testcase>
</testsuite>